[Log] 2022/8/18 22:26:17 读取密钥成功
[Log] 2022/8/18 22:26:17 Session initd
[Log] 2022/8/18 22:26:17 Service initd
[Log] 2022/8/18 22:26:17 - form
[Log] 2022/8/18 22:26:17 Controller initd
[Log] 2022/8/18 22:26:17 【 POST /form/post 】 FormController.handleRequest
[Log] 2022/8/18 22:26:17 【 GET /form/get 】 FormController.handleRequest
[Log] 2022/8/18 22:26:17 Router initd
[Log] 2022/8/18 22:26:17 tenon-server is running at http://localhost:9847
[Log] 2022/8/18 22:26:17 Server launch succeeded!
[Log] 2022/8/18 22:26:17 Launch cost 35ms
[Log] 2022/8/18 22:26:43 [object Object]
[Log] 2022/8/18 22:26:54 [object Object]
[Log] 2022/8/18 22:28:01 读取密钥成功
[Log] 2022/8/18 22:28:01 Session initd
[Log] 2022/8/18 22:28:01 Service initd
[Log] 2022/8/18 22:28:01 - form
[Log] 2022/8/18 22:28:01 Controller initd
[Log] 2022/8/18 22:28:01 【 POST /form/post 】 FormController.handleRequest
[Log] 2022/8/18 22:28:01 【 GET /form/get 】 FormController.handleRequest
[Log] 2022/8/18 22:28:01 Router initd
[Log] 2022/8/18 22:28:01 tenon-server is running at http://localhost:9847
[Log] 2022/8/18 22:28:01 Server launch succeeded!
[Log] 2022/8/18 22:28:01 Launch cost 34ms
[Log] 2022/8/18 22:28:09 [object Object]
